<?xml version="1.0" encoding="UTF-8"?>
<!-- Generated by org.testng.reporters.JUnitXMLReporter -->
<testsuite hostname="Vineet-PC" ignored="0" tests="0" failures="0" timestamp="10 Dec 2018 06:57:48 GMT" time="3.039" errors="0">
  <testcase name="@AfterTest closeBrowser" time="0.001" classname="parallelExecution.MultipleBrowser.AppTest">
    <failure type="java.lang.NullPointerException">
      <![CDATA[java.lang.NullPointerException
at parallelExecution.MultipleBrowser.AppTest.closeBrowser(AppTest.java:39)
... Removed 24 stack frames]]>
    </failure>
  </testcase> <!-- @AfterTest closeBrowser -->
</testsuite>
