<?xml version="1.0" encoding="UTF-8"?>
<testng-results skipped="0" failed="0" ignored="0" total="1" passed="1">
  <reporter-output>
  </reporter-output>
  <suite name="Default suite" duration-ms="35292" started-at="2018-12-10T07:13:52Z" finished-at="2018-12-10T07:14:28Z">
    <groups>
    </groups>
    <test name="Default test" duration-ms="35292" started-at="2018-12-10T07:13:52Z" finished-at="2018-12-10T07:14:28Z">
      <class name="parallelExecution.MultipleBrowser.NewTest">
        <test-method status="PASS" signature="setUp()[pri:0, instance:parallelExecution.MultipleBrowser.NewTest@3bfdc050]" name="setUp" is-config="true" duration-ms="22935" started-at="2018-12-10T07:13:52Z" finished-at="2018-12-10T07:14:15Z">
          <reporter-output>
          </reporter-output>
        </test-method> <!-- setUp -->
        <test-method status="PASS" signature="testBMS()[pri:0, instance:parallelExecution.MultipleBrowser.NewTest@3bfdc050]" name="testBMS" duration-ms="9514" started-at="2018-12-10T07:14:15Z" finished-at="2018-12-10T07:14:25Z">
          <reporter-output>
          </reporter-output>
        </test-method> <!-- testBMS -->
        <test-method status="PASS" signature="quitBrowser()[pri:0, instance:parallelExecution.MultipleBrowser.NewTest@3bfdc050]" name="quitBrowser" is-config="true" duration-ms="2822" started-at="2018-12-10T07:14:25Z" finished-at="2018-12-10T07:14:28Z">
          <reporter-output>
          </reporter-output>
        </test-method> <!-- quitBrowser -->
      </class> <!-- parallelExecution.MultipleBrowser.NewTest -->
    </test> <!-- Default test -->
  </suite> <!-- Default suite -->
</testng-results>
